  FinalProject3DScene.cpp
C:\Users\faroo\Desktop\Visual Studio C++ Repo\FinalProject3DScene\FinalProject3DScene.cpp(544,25): warning C4244: '+=': conversion from 'double' to 'float', possible loss of data
C:\Users\faroo\Desktop\Visual Studio C++ Repo\FinalProject3DScene\FinalProject3DScene.cpp(1228,32): warning C4018: '<': signed/unsigned mismatch
C:\Users\faroo\Desktop\Visual Studio C++ Repo\FinalProject3DScene\FinalProject3DScene.cpp(649,15): warning C4101: 'worldView': unreferenced local variable
C:\Users\faroo\Desktop\Visual Studio C++ Repo\FinalProject3DScene\FinalProject3DScene.cpp(1402,32): warning C4018: '<': signed/unsigned mismatch
  meshes.cpp
C:\Users\faroo\Desktop\Visual Studio C++ Repo\FinalProject3DScene\meshes.cpp(507,61): warning C4305: 'initializing': truncation from 'double' to 'GLfloat'
C:\Users\faroo\Desktop\Visual Studio C++ Repo\FinalProject3DScene\meshes.cpp(508,61): warning C4305: 'initializing': truncation from 'double' to 'GLfloat'
C:\Users\faroo\Desktop\Visual Studio C++ Repo\FinalProject3DScene\meshes.cpp(510,61): warning C4305: 'initializing': truncation from 'double' to 'GLfloat'
C:\Users\faroo\Desktop\Visual Studio C++ Repo\FinalProject3DScene\meshes.cpp(511,61): warning C4305: 'initializing': truncation from 'double' to 'GLfloat'
C:\Users\faroo\Desktop\Visual Studio C++ Repo\FinalProject3DScene\meshes.cpp(513,60): warning C4305: 'initializing': truncation from 'double' to 'GLfloat'
C:\Users\faroo\Desktop\Visual Studio C++ Repo\FinalProject3DScene\meshes.cpp(514,60): warning C4305: 'initializing': truncation from 'double' to 'GLfloat'
C:\Users\faroo\Desktop\Visual Studio C++ Repo\FinalProject3DScene\meshes.cpp(768,43): warning C4305: 'initializing': truncation from 'double' to 'GLfloat'
C:\Users\faroo\Desktop\Visual Studio C++ Repo\FinalProject3DScene\meshes.cpp(770,45): warning C4305: 'initializing': truncation from 'double' to 'GLfloat'
C:\Users\faroo\Desktop\Visual Studio C++ Repo\FinalProject3DScene\meshes.cpp(771,45): warning C4305: 'initializing': truncation from 'double' to 'GLfloat'
C:\Users\faroo\Desktop\Visual Studio C++ Repo\FinalProject3DScene\meshes.cpp(772,45): warning C4305: 'initializing': truncation from 'double' to 'GLfloat'
C:\Users\faroo\Desktop\Visual Studio C++ Repo\FinalProject3DScene\meshes.cpp(773,45): warning C4305: 'initializing': truncation from 'double' to 'GLfloat'
C:\Users\faroo\Desktop\Visual Studio C++ Repo\FinalProject3DScene\meshes.cpp(774,45): warning C4305: 'initializing': truncation from 'double' to 'GLfloat'
C:\Users\faroo\Desktop\Visual Studio C++ Repo\FinalProject3DScene\meshes.cpp(775,45): warning C4305: 'initializing': truncation from 'double' to 'GLfloat'
C:\Users\faroo\Desktop\Visual Studio C++ Repo\FinalProject3DScene\meshes.cpp(776,44): warning C4305: 'initializing': truncation from 'double' to 'GLfloat'
C:\Users\faroo\Desktop\Visual Studio C++ Repo\FinalProject3DScene\meshes.cpp(777,45): warning C4305: 'initializing': truncation from 'double' to 'GLfloat'
C:\Users\faroo\Desktop\Visual Studio C++ Repo\FinalProject3DScene\meshes.cpp(778,44): warning C4305: 'initializing': truncation from 'double' to 'GLfloat'
C:\Users\faroo\Desktop\Visual Studio C++ Repo\FinalProject3DScene\meshes.cpp(779,44): warning C4305: 'initializing': truncation from 'double' to 'GLfloat'
C:\Users\faroo\Desktop\Visual Studio C++ Repo\FinalProject3DScene\meshes.cpp(780,45): warning C4305: 'initializing': truncation from 'double' to 'GLfloat'
C:\Users\faroo\Desktop\Visual Studio C++ Repo\FinalProject3DScene\meshes.cpp(781,44): warning C4305: 'initializing': truncation from 'double' to 'GLfloat'
C:\Users\faroo\Desktop\Visual Studio C++ Repo\FinalProject3DScene\meshes.cpp(782,45): warning C4305: 'initializing': truncation from 'double' to 'GLfloat'
C:\Users\faroo\Desktop\Visual Studio C++ Repo\FinalProject3DScene\meshes.cpp(783,45): warning C4305: 'initializing': truncation from 'double' to 'GLfloat'
C:\Users\faroo\Desktop\Visual Studio C++ Repo\FinalProject3DScene\meshes.cpp(784,44): warning C4305: 'initializing': truncation from 'double' to 'GLfloat'
C:\Users\faroo\Desktop\Visual Studio C++ Repo\FinalProject3DScene\meshes.cpp(785,44): warning C4305: 'initializing': truncation from 'double' to 'GLfloat'
C:\Users\faroo\Desktop\Visual Studio C++ Repo\FinalProject3DScene\meshes.cpp(786,44): warning C4305: 'initializing': truncation from 'double' to 'GLfloat'
C:\Users\faroo\Desktop\Visual Studio C++ Repo\FinalProject3DScene\meshes.cpp(787,45): warning C4305: 'initializing': truncation from 'double' to 'GLfloat'
C:\Users\faroo\Desktop\Visual Studio C++ Repo\FinalProject3DScene\meshes.cpp(788,44): warning C4305: 'initializing': truncation from 'double' to 'GLfloat'
C:\Users\faroo\Desktop\Visual Studio C++ Repo\FinalProject3DScene\meshes.cpp(789,45): warning C4305: 'initializing': truncation from 'double' to 'GLfloat'
C:\Users\faroo\Desktop\Visual Studio C++ Repo\FinalProject3DScene\meshes.cpp(790,44): warning C4305: 'initializing': truncation from 'double' to 'GLfloat'
C:\Users\faroo\Desktop\Visual Studio C++ Repo\FinalProject3DScene\meshes.cpp(791,44): warning C4305: 'initializing': truncation from 'double' to 'GLfloat'
C:\Users\faroo\Desktop\Visual Studio C++ Repo\FinalProject3DScene\meshes.cpp(792,45): warning C4305: 'initializing': truncation from 'double' to 'GLfloat'
C:\Users\faroo\Desktop\Visual Studio C++ Repo\FinalProject3DScene\meshes.cpp(793,44): warning C4305: 'initializing': truncation from 'double' to 'GLfloat'
C:\Users\faroo\Desktop\Visual Studio C++ Repo\FinalProject3DScene\meshes.cpp(794,45): warning C4305: 'initializing': truncation from 'double' to 'GLfloat'
C:\Users\faroo\Desktop\Visual Studio C++ Repo\FinalProject3DScene\meshes.cpp(795,45): warning C4305: 'initializing': truncation from 'double' to 'GLfloat'
C:\Users\faroo\Desktop\Visual Studio C++ Repo\FinalProject3DScene\meshes.cpp(796,45): warning C4305: 'initializing': truncation from 'double' to 'GLfloat'
C:\Users\faroo\Desktop\Visual Studio C++ Repo\FinalProject3DScene\meshes.cpp(797,45): warning C4305: 'initializing': truncation from 'double' to 'GLfloat'
C:\Users\faroo\Desktop\Visual Studio C++ Repo\FinalProject3DScene\meshes.cpp(798,45): warning C4305: 'initializing': truncation from 'double' to 'GLfloat'
C:\Users\faroo\Desktop\Visual Studio C++ Repo\FinalProject3DScene\meshes.cpp(799,45): warning C4305: 'initializing': truncation from 'double' to 'GLfloat'
C:\Users\faroo\Desktop\Visual Studio C++ Repo\FinalProject3DScene\meshes.cpp(800,44): warning C4305: 'initializing': truncation from 'double' to 'GLfloat'
C:\Users\faroo\Desktop\Visual Studio C++ Repo\FinalProject3DScene\meshes.cpp(801,45): warning C4305: 'initializing': truncation from 'double' to 'GLfloat'
C:\Users\faroo\Desktop\Visual Studio C++ Repo\FinalProject3DScene\meshes.cpp(802,43): warning C4305: 'initializing': truncation from 'double' to 'GLfloat'
C:\Users\faroo\Desktop\Visual Studio C++ Repo\FinalProject3DScene\meshes.cpp(803,43): warning C4305: 'initializing': truncation from 'double' to 'GLfloat'
C:\Users\faroo\Desktop\Visual Studio C++ Repo\FinalProject3DScene\meshes.cpp(804,44): warning C4305: 'initializing': truncation from 'double' to 'GLfloat'
C:\Users\faroo\Desktop\Visual Studio C++ Repo\FinalProject3DScene\meshes.cpp(805,44): warning C4305: 'initializing': truncation from 'double' to 'GLfloat'
C:\Users\faroo\Desktop\Visual Studio C++ Repo\FinalProject3DScene\meshes.cpp(806,46): warning C4305: 'initializing': truncation from 'double' to 'GLfloat'
C:\Users\faroo\Desktop\Visual Studio C++ Repo\FinalProject3DScene\meshes.cpp(807,46): warning C4305: 'initializing': truncation from 'double' to 'GLfloat'
C:\Users\faroo\Desktop\Visual Studio C++ Repo\FinalProject3DScene\meshes.cpp(808,46): warning C4305: 'initializing': truncation from 'double' to 'GLfloat'
C:\Users\faroo\Desktop\Visual Studio C++ Repo\FinalProject3DScene\meshes.cpp(809,46): warning C4305: 'initializing': truncation from 'double' to 'GLfloat'
C:\Users\faroo\Desktop\Visual Studio C++ Repo\FinalProject3DScene\meshes.cpp(810,46): warning C4305: 'initializing': truncation from 'double' to 'GLfloat'
C:\Users\faroo\Desktop\Visual Studio C++ Repo\FinalProject3DScene\meshes.cpp(811,46): warning C4305: 'initializing': truncation from 'double' to 'GLfloat'
C:\Users\faroo\Desktop\Visual Studio C++ Repo\FinalProject3DScene\meshes.cpp(812,46): warning C4305: 'initializing': truncation from 'double' to 'GLfloat'
C:\Users\faroo\Desktop\Visual Studio C++ Repo\FinalProject3DScene\meshes.cpp(813,46): warning C4305: 'initializing': truncation from 'double' to 'GLfloat'
C:\Users\faroo\Desktop\Visual Studio C++ Repo\FinalProject3DScene\meshes.cpp(814,46): warning C4305: 'initializing': truncation from 'double' to 'GLfloat'
C:\Users\faroo\Desktop\Visual Studio C++ Repo\FinalProject3DScene\meshes.cpp(815,46): warning C4305: 'initializing': truncation from 'double' to 'GLfloat'
C:\Users\faroo\Desktop\Visual Studio C++ Repo\FinalProject3DScene\meshes.cpp(816,46): warning C4305: 'initializing': truncation from 'double' to 'GLfloat'
C:\Users\faroo\Desktop\Visual Studio C++ Repo\FinalProject3DScene\meshes.cpp(817,46): warning C4305: 'initializing': truncation from 'double' to 'GLfloat'
C:\Users\faroo\Desktop\Visual Studio C++ Repo\FinalProject3DScene\meshes.cpp(818,46): warning C4305: 'initializing': truncation from 'double' to 'GLfloat'
C:\Users\faroo\Desktop\Visual Studio C++ Repo\FinalProject3DScene\meshes.cpp(819,46): warning C4305: 'initializing': truncation from 'double' to 'GLfloat'
C:\Users\faroo\Desktop\Visual Studio C++ Repo\FinalProject3DScene\meshes.cpp(820,46): warning C4305: 'initializing': truncation from 'double' to 'GLfloat'
C:\Users\faroo\Desktop\Visual Studio C++ Repo\FinalProject3DScene\meshes.cpp(821,46): warning C4305: 'initializing': truncation from 'double' to 'GLfloat'
C:\Users\faroo\Desktop\Visual Studio C++ Repo\FinalProject3DScene\meshes.cpp(822,45): warning C4305: 'initializing': truncation from 'double' to 'GLfloat'
C:\Users\faroo\Desktop\Visual Studio C++ Repo\FinalProject3DScene\meshes.cpp(823,45): warning C4305: 'initializing': truncation from 'double' to 'GLfloat'
C:\Users\faroo\Desktop\Visual Studio C++ Repo\FinalProject3DScene\meshes.cpp(824,45): warning C4305: 'initializing': truncation from 'double' to 'GLfloat'
C:\Users\faroo\Desktop\Visual Studio C++ Repo\FinalProject3DScene\meshes.cpp(825,46): warning C4305: 'initializing': truncation from 'double' to 'GLfloat'
C:\Users\faroo\Desktop\Visual Studio C++ Repo\FinalProject3DScene\meshes.cpp(826,46): warning C4305: 'initializing': truncation from 'double' to 'GLfloat'
C:\Users\faroo\Desktop\Visual Studio C++ Repo\FinalProject3DScene\meshes.cpp(827,46): warning C4305: 'initializing': truncation from 'double' to 'GLfloat'
C:\Users\faroo\Desktop\Visual Studio C++ Repo\FinalProject3DScene\meshes.cpp(828,46): warning C4305: 'initializing': truncation from 'double' to 'GLfloat'
C:\Users\faroo\Desktop\Visual Studio C++ Repo\FinalProject3DScene\meshes.cpp(829,46): warning C4305: 'initializing': truncation from 'double' to 'GLfloat'
C:\Users\faroo\Desktop\Visual Studio C++ Repo\FinalProject3DScene\meshes.cpp(830,46): warning C4305: 'initializing': truncation from 'double' to 'GLfloat'
C:\Users\faroo\Desktop\Visual Studio C++ Repo\FinalProject3DScene\meshes.cpp(831,46): warning C4305: 'initializing': truncation from 'double' to 'GLfloat'
C:\Users\faroo\Desktop\Visual Studio C++ Repo\FinalProject3DScene\meshes.cpp(832,46): warning C4305: 'initializing': truncation from 'double' to 'GLfloat'
C:\Users\faroo\Desktop\Visual Studio C++ Repo\FinalProject3DScene\meshes.cpp(833,46): warning C4305: 'initializing': truncation from 'double' to 'GLfloat'
C:\Users\faroo\Desktop\Visual Studio C++ Repo\FinalProject3DScene\meshes.cpp(834,46): warning C4305: 'initializing': truncation from 'double' to 'GLfloat'
C:\Users\faroo\Desktop\Visual Studio C++ Repo\FinalProject3DScene\meshes.cpp(835,46): warning C4305: 'initializing': truncation from 'double' to 'GLfloat'
C:\Users\faroo\Desktop\Visual Studio C++ Repo\FinalProject3DScene\meshes.cpp(836,45): warning C4305: 'initializing': truncation from 'double' to 'GLfloat'
C:\Users\faroo\Desktop\Visual Studio C++ Repo\FinalProject3DScene\meshes.cpp(837,46): warning C4305: 'initializing': truncation from 'double' to 'GLfloat'
C:\Users\faroo\Desktop\Visual Studio C++ Repo\FinalProject3DScene\meshes.cpp(838,45): warning C4305: 'initializing': truncation from 'double' to 'GLfloat'
C:\Users\faroo\Desktop\Visual Studio C++ Repo\FinalProject3DScene\meshes.cpp(839,45): warning C4305: 'initializing': truncation from 'double' to 'GLfloat'
C:\Users\faroo\Desktop\Visual Studio C++ Repo\FinalProject3DScene\meshes.cpp(840,44): warning C4305: 'initializing': truncation from 'double' to 'GLfloat'
C:\Users\faroo\Desktop\Visual Studio C++ Repo\FinalProject3DScene\meshes.cpp(841,43): warning C4305: 'initializing': truncation from 'double' to 'GLfloat'
C:\Users\faroo\Desktop\Visual Studio C++ Repo\FinalProject3DScene\meshes.cpp(842,44): warning C4305: 'initializing': truncation from 'double' to 'GLfloat'
C:\Users\faroo\Desktop\Visual Studio C++ Repo\FinalProject3DScene\meshes.cpp(843,45): warning C4305: 'initializing': truncation from 'double' to 'GLfloat'
C:\Users\faroo\Desktop\Visual Studio C++ Repo\FinalProject3DScene\meshes.cpp(844,45): warning C4305: 'initializing': truncation from 'double' to 'GLfloat'
C:\Users\faroo\Desktop\Visual Studio C++ Repo\FinalProject3DScene\meshes.cpp(845,45): warning C4305: 'initializing': truncation from 'double' to 'GLfloat'
C:\Users\faroo\Desktop\Visual Studio C++ Repo\FinalProject3DScene\meshes.cpp(846,45): warning C4305: 'initializing': truncation from 'double' to 'GLfloat'
C:\Users\faroo\Desktop\Visual Studio C++ Repo\FinalProject3DScene\meshes.cpp(847,45): warning C4305: 'initializing': truncation from 'double' to 'GLfloat'
C:\Users\faroo\Desktop\Visual Studio C++ Repo\FinalProject3DScene\meshes.cpp(848,44): warning C4305: 'initializing': truncation from 'double' to 'GLfloat'
C:\Users\faroo\Desktop\Visual Studio C++ Repo\FinalProject3DScene\meshes.cpp(849,45): warning C4305: 'initializing': truncation from 'double' to 'GLfloat'
C:\Users\faroo\Desktop\Visual Studio C++ Repo\FinalProject3DScene\meshes.cpp(850,44): warning C4305: 'initializing': truncation from 'double' to 'GLfloat'
C:\Users\faroo\Desktop\Visual Studio C++ Repo\FinalProject3DScene\meshes.cpp(851,44): warning C4305: 'initializing': truncation from 'double' to 'GLfloat'
C:\Users\faroo\Desktop\Visual Studio C++ Repo\FinalProject3DScene\meshes.cpp(852,45): warning C4305: 'initializing': truncation from 'double' to 'GLfloat'
C:\Users\faroo\Desktop\Visual Studio C++ Repo\FinalProject3DScene\meshes.cpp(853,44): warning C4305: 'initializing': truncation from 'double' to 'GLfloat'
C:\Users\faroo\Desktop\Visual Studio C++ Repo\FinalProject3DScene\meshes.cpp(854,45): warning C4305: 'initializing': truncation from 'double' to 'GLfloat'
C:\Users\faroo\Desktop\Visual Studio C++ Repo\FinalProject3DScene\meshes.cpp(855,45): warning C4305: 'initializing': truncation from 'double' to 'GLfloat'
C:\Users\faroo\Desktop\Visual Studio C++ Repo\FinalProject3DScene\meshes.cpp(856,45): warning C4305: 'initializing': truncation from 'double' to 'GLfloat'
C:\Users\faroo\Desktop\Visual Studio C++ Repo\FinalProject3DScene\meshes.cpp(857,45): warning C4305: 'initializing': truncation from 'double' to 'GLfloat'
C:\Users\faroo\Desktop\Visual Studio C++ Repo\FinalProject3DScene\meshes.cpp(858,44): warning C4305: 'initializing': truncation from 'double' to 'GLfloat'
C:\Users\faroo\Desktop\Visual Studio C++ Repo\FinalProject3DScene\meshes.cpp(859,44): warning C4305: 'initializing': truncation from 'double' to 'GLfloat'
C:\Users\faroo\Desktop\Visual Studio C++ Repo\FinalProject3DScene\meshes.cpp(860,43): warning C4305: 'initializing': truncation from 'double' to 'GLfloat'
C:\Users\faroo\Desktop\Visual Studio C++ Repo\FinalProject3DScene\meshes.cpp(861,45): warning C4305: 'initializing': truncation from 'double' to 'GLfloat'
C:\Users\faroo\Desktop\Visual Studio C++ Repo\FinalProject3DScene\meshes.cpp(862,44): warning C4305: 'initializing': truncation from 'double' to 'GLfloat'
C:\Users\faroo\Desktop\Visual Studio C++ Repo\FinalProject3DScene\meshes.cpp(863,44): warning C4305: 'initializing': truncation from 'double' to 'GLfloat'
C:\Users\faroo\Desktop\Visual Studio C++ Repo\FinalProject3DScene\meshes.cpp(864,45): warning C4305: 'initializing': truncation from 'double' to 'GLfloat'
C:\Users\faroo\Desktop\Visual Studio C++ Repo\FinalProject3DScene\meshes.cpp(865,44): warning C4305: 'initializing': truncation from 'double' to 'GLfloat'
C:\Users\faroo\Desktop\Visual Studio C++ Repo\FinalProject3DScene\meshes.cpp(866,45): warning C4305: 'initializing': truncation from 'double' to 'GLfloat'
C:\Users\faroo\Desktop\Visual Studio C++ Repo\FinalProject3DScene\meshes.cpp(867,45): warning C4305: 'initializing': truncation from 'double' to 'GLfloat'
C:\Users\faroo\Desktop\Visual Studio C++ Repo\FinalProject3DScene\meshes.cpp(868,45): warning C4305: 'initializing': truncation from 'double' to 'GLfloat'
C:\Users\faroo\Desktop\Visual Studio C++ Repo\FinalProject3DScene\meshes.cpp(869,45): warning C4305: 'initializing': truncation from 'double' to 'GLfloat'
C:\Users\faroo\Desktop\Visual Studio C++ Repo\FinalProject3DScene\meshes.cpp(870,45): warning C4305: 'initializing': truncation from 'double' to 'GLfloat'
C:\Users\faroo\Desktop\Visual Studio C++ Repo\FinalProject3DScene\meshes.cpp(871,45): warning C4305: 'initializing': truncation from 'double' to 'GLfloat'
C:\Users\faroo\Desktop\Visual Studio C++ Repo\FinalProject3DScene\meshes.cpp(872,43): warning C4305: 'initializing': truncation from 'double' to 'GLfloat'
C:\Users\faroo\Desktop\Visual Studio C++ Repo\FinalProject3DScene\meshes.cpp(873,45): warning C4305: 'initializing': truncation from 'double' to 'GLfloat'
C:\Users\faroo\Desktop\Visual Studio C++ Repo\FinalProject3DScene\meshes.cpp(874,43): warning C4305: 'initializing': truncation from 'double' to 'GLfloat'
C:\Users\faroo\Desktop\Visual Studio C++ Repo\FinalProject3DScene\meshes.cpp(875,43): warning C4305: 'initializing': truncation from 'double' to 'GLfloat'
C:\Users\faroo\Desktop\Visual Studio C++ Repo\FinalProject3DScene\meshes.cpp(876,43): warning C4305: 'initializing': truncation from 'double' to 'GLfloat'
C:\Users\faroo\Desktop\Visual Studio C++ Repo\FinalProject3DScene\meshes.cpp(877,42): warning C4305: 'initializing': truncation from 'double' to 'GLfloat'
C:\Users\faroo\Desktop\Visual Studio C++ Repo\FinalProject3DScene\meshes.cpp(878,43): warning C4305: 'initializing': truncation from 'double' to 'GLfloat'
C:\Users\faroo\Desktop\Visual Studio C++ Repo\FinalProject3DScene\meshes.cpp(879,44): warning C4305: 'initializing': truncation from 'double' to 'GLfloat'
C:\Users\faroo\Desktop\Visual Studio C++ Repo\FinalProject3DScene\meshes.cpp(880,44): warning C4305: 'initializing': truncation from 'double' to 'GLfloat'
C:\Users\faroo\Desktop\Visual Studio C++ Repo\FinalProject3DScene\meshes.cpp(881,44): warning C4305: 'initializing': truncation from 'double' to 'GLfloat'
C:\Users\faroo\Desktop\Visual Studio C++ Repo\FinalProject3DScene\meshes.cpp(882,44): warning C4305: 'initializing': truncation from 'double' to 'GLfloat'
C:\Users\faroo\Desktop\Visual Studio C++ Repo\FinalProject3DScene\meshes.cpp(883,44): warning C4305: 'initializing': truncation from 'double' to 'GLfloat'
C:\Users\faroo\Desktop\Visual Studio C++ Repo\FinalProject3DScene\meshes.cpp(884,43): warning C4305: 'initializing': truncation from 'double' to 'GLfloat'
C:\Users\faroo\Desktop\Visual Studio C++ Repo\FinalProject3DScene\meshes.cpp(885,44): warning C4305: 'initializing': truncation from 'double' to 'GLfloat'
C:\Users\faroo\Desktop\Visual Studio C++ Repo\FinalProject3DScene\meshes.cpp(886,43): warning C4305: 'initializing': truncation from 'double' to 'GLfloat'
C:\Users\faroo\Desktop\Visual Studio C++ Repo\FinalProject3DScene\meshes.cpp(887,43): warning C4305: 'initializing': truncation from 'double' to 'GLfloat'
C:\Users\faroo\Desktop\Visual Studio C++ Repo\FinalProject3DScene\meshes.cpp(888,44): warning C4305: 'initializing': truncation from 'double' to 'GLfloat'
C:\Users\faroo\Desktop\Visual Studio C++ Repo\FinalProject3DScene\meshes.cpp(889,43): warning C4305: 'initializing': truncation from 'double' to 'GLfloat'
C:\Users\faroo\Desktop\Visual Studio C++ Repo\FinalProject3DScene\meshes.cpp(890,44): warning C4305: 'initializing': truncation from 'double' to 'GLfloat'
C:\Users\faroo\Desktop\Visual Studio C++ Repo\FinalProject3DScene\meshes.cpp(891,44): warning C4305: 'initializing': truncation from 'double' to 'GLfloat'
C:\Users\faroo\Desktop\Visual Studio C++ Repo\FinalProject3DScene\meshes.cpp(892,44): warning C4305: 'initializing': truncation from 'double' to 'GLfloat'
C:\Users\faroo\Desktop\Visual Studio C++ Repo\FinalProject3DScene\meshes.cpp(893,44): warning C4305: 'initializing': truncation from 'double' to 'GLfloat'
C:\Users\faroo\Desktop\Visual Studio C++ Repo\FinalProject3DScene\meshes.cpp(894,42): warning C4305: 'initializing': truncation from 'double' to 'GLfloat'
C:\Users\faroo\Desktop\Visual Studio C++ Repo\FinalProject3DScene\meshes.cpp(895,42): warning C4305: 'initializing': truncation from 'double' to 'GLfloat'
C:\Users\faroo\Desktop\Visual Studio C++ Repo\FinalProject3DScene\meshes.cpp(896,41): warning C4305: 'initializing': truncation from 'double' to 'GLfloat'
C:\Users\faroo\Desktop\Visual Studio C++ Repo\FinalProject3DScene\meshes.cpp(897,44): warning C4305: 'initializing': truncation from 'double' to 'GLfloat'
C:\Users\faroo\Desktop\Visual Studio C++ Repo\FinalProject3DScene\meshes.cpp(898,43): warning C4305: 'initializing': truncation from 'double' to 'GLfloat'
C:\Users\faroo\Desktop\Visual Studio C++ Repo\FinalProject3DScene\meshes.cpp(899,43): warning C4305: 'initializing': truncation from 'double' to 'GLfloat'
C:\Users\faroo\Desktop\Visual Studio C++ Repo\FinalProject3DScene\meshes.cpp(900,44): warning C4305: 'initializing': truncation from 'double' to 'GLfloat'
C:\Users\faroo\Desktop\Visual Studio C++ Repo\FinalProject3DScene\meshes.cpp(901,43): warning C4305: 'initializing': truncation from 'double' to 'GLfloat'
C:\Users\faroo\Desktop\Visual Studio C++ Repo\FinalProject3DScene\meshes.cpp(902,44): warning C4305: 'initializing': truncation from 'double' to 'GLfloat'
C:\Users\faroo\Desktop\Visual Studio C++ Repo\FinalProject3DScene\meshes.cpp(903,44): warning C4305: 'initializing': truncation from 'double' to 'GLfloat'
C:\Users\faroo\Desktop\Visual Studio C++ Repo\FinalProject3DScene\meshes.cpp(904,44): warning C4305: 'initializing': truncation from 'double' to 'GLfloat'
C:\Users\faroo\Desktop\Visual Studio C++ Repo\FinalProject3DScene\meshes.cpp(905,44): warning C4305: 'initializing': truncation from 'double' to 'GLfloat'
C:\Users\faroo\Desktop\Visual Studio C++ Repo\FinalProject3DScene\meshes.cpp(906,44): warning C4305: 'initializing': truncation from 'double' to 'GLfloat'
C:\Users\faroo\Desktop\Visual Studio C++ Repo\FinalProject3DScene\meshes.cpp(907,44): warning C4305: 'initializing': truncation from 'double' to 'GLfloat'
C:\Users\faroo\Desktop\Visual Studio C++ Repo\FinalProject3DScene\meshes.cpp(909,44): warning C4305: 'initializing': truncation from 'double' to 'GLfloat'
C:\Users\faroo\Desktop\Visual Studio C++ Repo\FinalProject3DScene\meshes.cpp(1041,43): warning C4305: 'initializing': truncation from 'double' to 'GLfloat'
C:\Users\faroo\Desktop\Visual Studio C++ Repo\FinalProject3DScene\meshes.cpp(1043,45): warning C4305: 'initializing': truncation from 'double' to 'GLfloat'
C:\Users\faroo\Desktop\Visual Studio C++ Repo\FinalProject3DScene\meshes.cpp(1044,45): warning C4305: 'initializing': truncation from 'double' to 'GLfloat'
C:\Users\faroo\Desktop\Visual Studio C++ Repo\FinalProject3DScene\meshes.cpp(1045,45): warning C4305: 'initializing': truncation from 'double' to 'GLfloat'
C:\Users\faroo\Desktop\Visual Studio C++ Repo\FinalProject3DScene\meshes.cpp(1046,45): warning C4305: 'initializing': truncation from 'double' to 'GLfloat'
C:\Users\faroo\Desktop\Visual Studio C++ Repo\FinalProject3DScene\meshes.cpp(1047,45): warning C4305: 'initializing': truncation from 'double' to 'GLfloat'
C:\Users\faroo\Desktop\Visual Studio C++ Repo\FinalProject3DScene\meshes.cpp(1048,45): warning C4305: 'initializing': truncation from 'double' to 'GLfloat'
C:\Users\faroo\Desktop\Visual Studio C++ Repo\FinalProject3DScene\meshes.cpp(1049,44): warning C4305: 'initializing': truncation from 'double' to 'GLfloat'
C:\Users\faroo\Desktop\Visual Studio C++ Repo\FinalProject3DScene\meshes.cpp(1050,45): warning C4305: 'initializing': truncation from 'double' to 'GLfloat'
C:\Users\faroo\Desktop\Visual Studio C++ Repo\FinalProject3DScene\meshes.cpp(1051,45): warning C4305: 'initializing': truncation from 'double' to 'GLfloat'
C:\Users\faroo\Desktop\Visual Studio C++ Repo\FinalProject3DScene\meshes.cpp(1052,44): warning C4305: 'initializing': truncation from 'double' to 'GLfloat'
C:\Users\faroo\Desktop\Visual Studio C++ Repo\FinalProject3DScene\meshes.cpp(1053,45): warning C4305: 'initializing': truncation from 'double' to 'GLfloat'
C:\Users\faroo\Desktop\Visual Studio C++ Repo\FinalProject3DScene\meshes.cpp(1054,45): warning C4305: 'initializing': truncation from 'double' to 'GLfloat'
C:\Users\faroo\Desktop\Visual Studio C++ Repo\FinalProject3DScene\meshes.cpp(1055,45): warning C4305: 'initializing': truncation from 'double' to 'GLfloat'
C:\Users\faroo\Desktop\Visual Studio C++ Repo\FinalProject3DScene\meshes.cpp(1056,45): warning C4305: 'initializing': truncation from 'double' to 'GLfloat'
C:\Users\faroo\Desktop\Visual Studio C++ Repo\FinalProject3DScene\meshes.cpp(1057,44): warning C4305: 'initializing': truncation from 'double' to 'GLfloat'
C:\Users\faroo\Desktop\Visual Studio C++ Repo\FinalProject3DScene\meshes.cpp(1058,44): warning C4305: 'initializing': truncation from 'double' to 'GLfloat'
C:\Users\faroo\Desktop\Visual Studio C++ Repo\FinalProject3DScene\meshes.cpp(1059,44): warning C4305: 'initializing': truncation from 'double' to 'GLfloat'
C:\Users\faroo\Desktop\Visual Studio C++ Repo\FinalProject3DScene\meshes.cpp(1060,45): warning C4305: 'initializing': truncation from 'double' to 'GLfloat'
C:\Users\faroo\Desktop\Visual Studio C++ Repo\FinalProject3DScene\meshes.cpp(1061,44): warning C4305: 'initializing': truncation from 'double' to 'GLfloat'
C:\Users\faroo\Desktop\Visual Studio C++ Repo\FinalProject3DScene\meshes.cpp(1062,45): warning C4305: 'initializing': truncation from 'double' to 'GLfloat'
C:\Users\faroo\Desktop\Visual Studio C++ Repo\FinalProject3DScene\meshes.cpp(1063,45): warning C4305: 'initializing': truncation from 'double' to 'GLfloat'
C:\Users\faroo\Desktop\Visual Studio C++ Repo\FinalProject3DScene\meshes.cpp(1064,44): warning C4305: 'initializing': truncation from 'double' to 'GLfloat'
C:\Users\faroo\Desktop\Visual Studio C++ Repo\FinalProject3DScene\meshes.cpp(1065,45): warning C4305: 'initializing': truncation from 'double' to 'GLfloat'
C:\Users\faroo\Desktop\Visual Studio C++ Repo\FinalProject3DScene\meshes.cpp(1066,45): warning C4305: 'initializing': truncation from 'double' to 'GLfloat'
C:\Users\faroo\Desktop\Visual Studio C++ Repo\FinalProject3DScene\meshes.cpp(1067,45): warning C4305: 'initializing': truncation from 'double' to 'GLfloat'
C:\Users\faroo\Desktop\Visual Studio C++ Repo\FinalProject3DScene\meshes.cpp(1068,45): warning C4305: 'initializing': truncation from 'double' to 'GLfloat'
C:\Users\faroo\Desktop\Visual Studio C++ Repo\FinalProject3DScene\meshes.cpp(1069,45): warning C4305: 'initializing': truncation from 'double' to 'GLfloat'
C:\Users\faroo\Desktop\Visual Studio C++ Repo\FinalProject3DScene\meshes.cpp(1070,45): warning C4305: 'initializing': truncation from 'double' to 'GLfloat'
C:\Users\faroo\Desktop\Visual Studio C++ Repo\FinalProject3DScene\meshes.cpp(1071,45): warning C4305: 'initializing': truncation from 'double' to 'GLfloat'
C:\Users\faroo\Desktop\Visual Studio C++ Repo\FinalProject3DScene\meshes.cpp(1072,45): warning C4305: 'initializing': truncation from 'double' to 'GLfloat'
C:\Users\faroo\Desktop\Visual Studio C++ Repo\FinalProject3DScene\meshes.cpp(1073,44): warning C4305: 'initializing': truncation from 'double' to 'GLfloat'
C:\Users\faroo\Desktop\Visual Studio C++ Repo\FinalProject3DScene\meshes.cpp(1074,45): warning C4305: 'initializing': truncation from 'double' to 'GLfloat'
C:\Users\faroo\Desktop\Visual Studio C++ Repo\FinalProject3DScene\meshes.cpp(1075,43): warning C4305: 'initializing': truncation from 'double' to 'GLfloat'
C:\Users\faroo\Desktop\Visual Studio C++ Repo\FinalProject3DScene\meshes.cpp(1076,43): warning C4305: 'initializing': truncation from 'double' to 'GLfloat'
C:\Users\faroo\Desktop\Visual Studio C++ Repo\FinalProject3DScene\meshes.cpp(1077,44): warning C4305: 'initializing': truncation from 'double' to 'GLfloat'
C:\Users\faroo\Desktop\Visual Studio C++ Repo\FinalProject3DScene\meshes.cpp(1078,44): warning C4305: 'initializing': truncation from 'double' to 'GLfloat'
C:\Users\faroo\Desktop\Visual Studio C++ Repo\FinalProject3DScene\meshes.cpp(1079,47): warning C4305: 'initializing': truncation from 'double' to 'GLfloat'
C:\Users\faroo\Desktop\Visual Studio C++ Repo\FinalProject3DScene\meshes.cpp(1080,46): warning C4305: 'initializing': truncation from 'double' to 'GLfloat'
C:\Users\faroo\Desktop\Visual Studio C++ Repo\FinalProject3DScene\meshes.cpp(1081,46): warning C4305: 'initializing': truncation from 'double' to 'GLfloat'
C:\Users\faroo\Desktop\Visual Studio C++ Repo\FinalProject3DScene\meshes.cpp(1082,47): warning C4305: 'initializing': truncation from 'double' to 'GLfloat'
C:\Users\faroo\Desktop\Visual Studio C++ Repo\FinalProject3DScene\meshes.cpp(1083,46): warning C4305: 'initializing': truncation from 'double' to 'GLfloat'
C:\Users\faroo\Desktop\Visual Studio C++ Repo\FinalProject3DScene\meshes.cpp(1084,46): warning C4305: 'initializing': truncation from 'double' to 'GLfloat'
C:\Users\faroo\Desktop\Visual Studio C++ Repo\FinalProject3DScene\meshes.cpp(1085,46): warning C4305: 'initializing': truncation from 'double' to 'GLfloat'
C:\Users\faroo\Desktop\Visual Studio C++ Repo\FinalProject3DScene\meshes.cpp(1086,46): warning C4305: 'initializing': truncation from 'double' to 'GLfloat'
C:\Users\faroo\Desktop\Visual Studio C++ Repo\FinalProject3DScene\meshes.cpp(1087,47): warning C4305: 'initializing': truncation from 'double' to 'GLfloat'
C:\Users\faroo\Desktop\Visual Studio C++ Repo\FinalProject3DScene\meshes.cpp(1088,46): warning C4305: 'initializing': truncation from 'double' to 'GLfloat'
C:\Users\faroo\Desktop\Visual Studio C++ Repo\FinalProject3DScene\meshes.cpp(1089,46): warning C4305: 'initializing': truncation from 'double' to 'GLfloat'
C:\Users\faroo\Desktop\Visual Studio C++ Repo\FinalProject3DScene\meshes.cpp(1090,47): warning C4305: 'initializing': truncation from 'double' to 'GLfloat'
C:\Users\faroo\Desktop\Visual Studio C++ Repo\FinalProject3DScene\meshes.cpp(1091,47): warning C4305: 'initializing': truncation from 'double' to 'GLfloat'
C:\Users\faroo\Desktop\Visual Studio C++ Repo\FinalProject3DScene\meshes.cpp(1092,46): warning C4305: 'initializing': truncation from 'double' to 'GLfloat'
C:\Users\faroo\Desktop\Visual Studio C++ Repo\FinalProject3DScene\meshes.cpp(1093,46): warning C4305: 'initializing': truncation from 'double' to 'GLfloat'
C:\Users\faroo\Desktop\Visual Studio C++ Repo\FinalProject3DScene\meshes.cpp(1094,47): warning C4305: 'initializing': truncation from 'double' to 'GLfloat'
C:\Users\faroo\Desktop\Visual Studio C++ Repo\FinalProject3DScene\meshes.cpp(1095,46): warning C4305: 'initializing': truncation from 'double' to 'GLfloat'
C:\Users\faroo\Desktop\Visual Studio C++ Repo\FinalProject3DScene\meshes.cpp(1096,45): warning C4305: 'initializing': truncation from 'double' to 'GLfloat'
C:\Users\faroo\Desktop\Visual Studio C++ Repo\FinalProject3DScene\meshes.cpp(1097,45): warning C4305: 'initializing': truncation from 'double' to 'GLfloat'
C:\Users\faroo\Desktop\Visual Studio C++ Repo\FinalProject3DScene\meshes.cpp(1098,47): warning C4305: 'initializing': truncation from 'double' to 'GLfloat'
C:\Users\faroo\Desktop\Visual Studio C++ Repo\FinalProject3DScene\meshes.cpp(1099,47): warning C4305: 'initializing': truncation from 'double' to 'GLfloat'
C:\Users\faroo\Desktop\Visual Studio C++ Repo\FinalProject3DScene\meshes.cpp(1100,46): warning C4305: 'initializing': truncation from 'double' to 'GLfloat'
C:\Users\faroo\Desktop\Visual Studio C++ Repo\FinalProject3DScene\meshes.cpp(1101,46): warning C4305: 'initializing': truncation from 'double' to 'GLfloat'
C:\Users\faroo\Desktop\Visual Studio C++ Repo\FinalProject3DScene\meshes.cpp(1102,47): warning C4305: 'initializing': truncation from 'double' to 'GLfloat'
C:\Users\faroo\Desktop\Visual Studio C++ Repo\FinalProject3DScene\meshes.cpp(1103,46): warning C4305: 'initializing': truncation from 'double' to 'GLfloat'
C:\Users\faroo\Desktop\Visual Studio C++ Repo\FinalProject3DScene\meshes.cpp(1104,46): warning C4305: 'initializing': truncation from 'double' to 'GLfloat'
C:\Users\faroo\Desktop\Visual Studio C++ Repo\FinalProject3DScene\meshes.cpp(1105,46): warning C4305: 'initializing': truncation from 'double' to 'GLfloat'
C:\Users\faroo\Desktop\Visual Studio C++ Repo\FinalProject3DScene\meshes.cpp(1106,46): warning C4305: 'initializing': truncation from 'double' to 'GLfloat'
C:\Users\faroo\Desktop\Visual Studio C++ Repo\FinalProject3DScene\meshes.cpp(1107,47): warning C4305: 'initializing': truncation from 'double' to 'GLfloat'
C:\Users\faroo\Desktop\Visual Studio C++ Repo\FinalProject3DScene\meshes.cpp(1108,46): warning C4305: 'initializing': truncation from 'double' to 'GLfloat'
C:\Users\faroo\Desktop\Visual Studio C++ Repo\FinalProject3DScene\meshes.cpp(1109,45): warning C4305: 'initializing': truncation from 'double' to 'GLfloat'
C:\Users\faroo\Desktop\Visual Studio C++ Repo\FinalProject3DScene\meshes.cpp(1110,47): warning C4305: 'initializing': truncation from 'double' to 'GLfloat'
C:\Users\faroo\Desktop\Visual Studio C++ Repo\FinalProject3DScene\meshes.cpp(1111,45): warning C4305: 'initializing': truncation from 'double' to 'GLfloat'
C:\Users\faroo\Desktop\Visual Studio C++ Repo\FinalProject3DScene\meshes.cpp(1112,45): warning C4305: 'initializing': truncation from 'double' to 'GLfloat'
C:\Users\faroo\Desktop\Visual Studio C++ Repo\FinalProject3DScene\meshes.cpp(1113,44): warning C4305: 'initializing': truncation from 'double' to 'GLfloat'
C:\Users\faroo\Desktop\Visual Studio C++ Repo\FinalProject3DScene\meshes.cpp(1114,43): warning C4305: 'initializing': truncation from 'double' to 'GLfloat'
C:\Users\faroo\Desktop\Visual Studio C++ Repo\FinalProject3DScene\meshes.cpp(1115,44): warning C4305: 'initializing': truncation from 'double' to 'GLfloat'
C:\Users\faroo\Desktop\Visual Studio C++ Repo\FinalProject3DScene\meshes.cpp(1116,45): warning C4305: 'initializing': truncation from 'double' to 'GLfloat'
C:\Users\faroo\Desktop\Visual Studio C++ Repo\FinalProject3DScene\meshes.cpp(1117,45): warning C4305: 'initializing': truncation from 'double' to 'GLfloat'
C:\Users\faroo\Desktop\Visual Studio C++ Repo\FinalProject3DScene\meshes.cpp(1118,45): warning C4305: 'initializing': truncation from 'double' to 'GLfloat'
C:\Users\faroo\Desktop\Visual Studio C++ Repo\FinalProject3DScene\meshes.cpp(1119,45): warning C4305: 'initializing': truncation from 'double' to 'GLfloat'
C:\Users\faroo\Desktop\Visual Studio C++ Repo\FinalProject3DScene\meshes.cpp(1120,45): warning C4305: 'initializing': truncation from 'double' to 'GLfloat'
C:\Users\faroo\Desktop\Visual Studio C++ Repo\FinalProject3DScene\meshes.cpp(1121,44): warning C4305: 'initializing': truncation from 'double' to 'GLfloat'
C:\Users\faroo\Desktop\Visual Studio C++ Repo\FinalProject3DScene\meshes.cpp(1122,45): warning C4305: 'initializing': truncation from 'double' to 'GLfloat'
C:\Users\faroo\Desktop\Visual Studio C++ Repo\FinalProject3DScene\meshes.cpp(1123,45): warning C4305: 'initializing': truncation from 'double' to 'GLfloat'
C:\Users\faroo\Desktop\Visual Studio C++ Repo\FinalProject3DScene\meshes.cpp(1124,44): warning C4305: 'initializing': truncation from 'double' to 'GLfloat'
C:\Users\faroo\Desktop\Visual Studio C++ Repo\FinalProject3DScene\meshes.cpp(1125,45): warning C4305: 'initializing': truncation from 'double' to 'GLfloat'
C:\Users\faroo\Desktop\Visual Studio C++ Repo\FinalProject3DScene\meshes.cpp(1126,45): warning C4305: 'initializing': truncation from 'double' to 'GLfloat'
C:\Users\faroo\Desktop\Visual Studio C++ Repo\FinalProject3DScene\meshes.cpp(1127,45): warning C4305: 'initializing': truncation from 'double' to 'GLfloat'
C:\Users\faroo\Desktop\Visual Studio C++ Repo\FinalProject3DScene\meshes.cpp(1128,45): warning C4305: 'initializing': truncation from 'double' to 'GLfloat'
C:\Users\faroo\Desktop\Visual Studio C++ Repo\FinalProject3DScene\meshes.cpp(1129,45): warning C4305: 'initializing': truncation from 'double' to 'GLfloat'
C:\Users\faroo\Desktop\Visual Studio C++ Repo\FinalProject3DScene\meshes.cpp(1130,45): warning C4305: 'initializing': truncation from 'double' to 'GLfloat'
C:\Users\faroo\Desktop\Visual Studio C++ Repo\FinalProject3DScene\meshes.cpp(1131,44): warning C4305: 'initializing': truncation from 'double' to 'GLfloat'
C:\Users\faroo\Desktop\Visual Studio C++ Repo\FinalProject3DScene\meshes.cpp(1132,44): warning C4305: 'initializing': truncation from 'double' to 'GLfloat'
C:\Users\faroo\Desktop\Visual Studio C++ Repo\FinalProject3DScene\meshes.cpp(1133,43): warning C4305: 'initializing': truncation from 'double' to 'GLfloat'
C:\Users\faroo\Desktop\Visual Studio C++ Repo\FinalProject3DScene\meshes.cpp(1134,45): warning C4305: 'initializing': truncation from 'double' to 'GLfloat'
C:\Users\faroo\Desktop\Visual Studio C++ Repo\FinalProject3DScene\meshes.cpp(1135,45): warning C4305: 'initializing': truncation from 'double' to 'GLfloat'
C:\Users\faroo\Desktop\Visual Studio C++ Repo\FinalProject3DScene\meshes.cpp(1136,44): warning C4305: 'initializing': truncation from 'double' to 'GLfloat'
C:\Users\faroo\Desktop\Visual Studio C++ Repo\FinalProject3DScene\meshes.cpp(1137,45): warning C4305: 'initializing': truncation from 'double' to 'GLfloat'
C:\Users\faroo\Desktop\Visual Studio C++ Repo\FinalProject3DScene\meshes.cpp(1138,45): warning C4305: 'initializing': truncation from 'double' to 'GLfloat'
C:\Users\faroo\Desktop\Visual Studio C++ Repo\FinalProject3DScene\meshes.cpp(1139,45): warning C4305: 'initializing': truncation from 'double' to 'GLfloat'
C:\Users\faroo\Desktop\Visual Studio C++ Repo\FinalProject3DScene\meshes.cpp(1140,45): warning C4305: 'initializing': truncation from 'double' to 'GLfloat'
C:\Users\faroo\Desktop\Visual Studio C++ Repo\FinalProject3DScene\meshes.cpp(1141,45): warning C4305: 'initializing': truncation from 'double' to 'GLfloat'
C:\Users\faroo\Desktop\Visual Studio C++ Repo\FinalProject3DScene\meshes.cpp(1142,45): warning C4305: 'initializing': truncation from 'double' to 'GLfloat'
C:\Users\faroo\Desktop\Visual Studio C++ Repo\FinalProject3DScene\meshes.cpp(1143,45): warning C4305: 'initializing': truncation from 'double' to 'GLfloat'
C:\Users\faroo\Desktop\Visual Studio C++ Repo\FinalProject3DScene\meshes.cpp(1144,45): warning C4305: 'initializing': truncation from 'double' to 'GLfloat'
C:\Users\faroo\Desktop\Visual Studio C++ Repo\FinalProject3DScene\meshes.cpp(1145,43): warning C4305: 'initializing': truncation from 'double' to 'GLfloat'
C:\Users\faroo\Desktop\Visual Studio C++ Repo\FinalProject3DScene\meshes.cpp(1146,45): warning C4305: 'initializing': truncation from 'double' to 'GLfloat'
C:\Users\faroo\Desktop\Visual Studio C++ Repo\FinalProject3DScene\meshes.cpp(1147,43): warning C4305: 'initializing': truncation from 'double' to 'GLfloat'
C:\Users\faroo\Desktop\Visual Studio C++ Repo\FinalProject3DScene\meshes.cpp(1148,43): warning C4305: 'initializing': truncation from 'double' to 'GLfloat'
C:\Users\faroo\Desktop\Visual Studio C++ Repo\FinalProject3DScene\meshes.cpp(1149,43): warning C4305: 'initializing': truncation from 'double' to 'GLfloat'
C:\Users\faroo\Desktop\Visual Studio C++ Repo\FinalProject3DScene\meshes.cpp(1150,42): warning C4305: 'initializing': truncation from 'double' to 'GLfloat'
C:\Users\faroo\Desktop\Visual Studio C++ Repo\FinalProject3DScene\meshes.cpp(1151,44): warning C4305: 'initializing': truncation from 'double' to 'GLfloat'
C:\Users\faroo\Desktop\Visual Studio C++ Repo\FinalProject3DScene\meshes.cpp(1152,44): warning C4305: 'initializing': truncation from 'double' to 'GLfloat'
C:\Users\faroo\Desktop\Visual Studio C++ Repo\FinalProject3DScene\meshes.cpp(1153,44): warning C4305: 'initializing': truncation from 'double' to 'GLfloat'
C:\Users\faroo\Desktop\Visual Studio C++ Repo\FinalProject3DScene\meshes.cpp(1154,45): warning C4305: 'initializing': truncation from 'double' to 'GLfloat'
C:\Users\faroo\Desktop\Visual Studio C++ Repo\FinalProject3DScene\meshes.cpp(1155,44): warning C4305: 'initializing': truncation from 'double' to 'GLfloat'
C:\Users\faroo\Desktop\Visual Studio C++ Repo\FinalProject3DScene\meshes.cpp(1156,44): warning C4305: 'initializing': truncation from 'double' to 'GLfloat'
C:\Users\faroo\Desktop\Visual Studio C++ Repo\FinalProject3DScene\meshes.cpp(1157,43): warning C4305: 'initializing': truncation from 'double' to 'GLfloat'
C:\Users\faroo\Desktop\Visual Studio C++ Repo\FinalProject3DScene\meshes.cpp(1158,44): warning C4305: 'initializing': truncation from 'double' to 'GLfloat'
C:\Users\faroo\Desktop\Visual Studio C++ Repo\FinalProject3DScene\meshes.cpp(1159,45): warning C4305: 'initializing': truncation from 'double' to 'GLfloat'
C:\Users\faroo\Desktop\Visual Studio C++ Repo\FinalProject3DScene\meshes.cpp(1160,43): warning C4305: 'initializing': truncation from 'double' to 'GLfloat'
C:\Users\faroo\Desktop\Visual Studio C++ Repo\FinalProject3DScene\meshes.cpp(1161,44): warning C4305: 'initializing': truncation from 'double' to 'GLfloat'
C:\Users\faroo\Desktop\Visual Studio C++ Repo\FinalProject3DScene\meshes.cpp(1162,45): warning C4305: 'initializing': truncation from 'double' to 'GLfloat'
C:\Users\faroo\Desktop\Visual Studio C++ Repo\FinalProject3DScene\meshes.cpp(1163,45): warning C4305: 'initializing': truncation from 'double' to 'GLfloat'
C:\Users\faroo\Desktop\Visual Studio C++ Repo\FinalProject3DScene\meshes.cpp(1164,44): warning C4305: 'initializing': truncation from 'double' to 'GLfloat'
C:\Users\faroo\Desktop\Visual Studio C++ Repo\FinalProject3DScene\meshes.cpp(1165,44): warning C4305: 'initializing': truncation from 'double' to 'GLfloat'
C:\Users\faroo\Desktop\Visual Studio C++ Repo\FinalProject3DScene\meshes.cpp(1166,45): warning C4305: 'initializing': truncation from 'double' to 'GLfloat'
C:\Users\faroo\Desktop\Visual Studio C++ Repo\FinalProject3DScene\meshes.cpp(1167,43): warning C4305: 'initializing': truncation from 'double' to 'GLfloat'
C:\Users\faroo\Desktop\Visual Studio C++ Repo\FinalProject3DScene\meshes.cpp(1168,42): warning C4305: 'initializing': truncation from 'double' to 'GLfloat'
C:\Users\faroo\Desktop\Visual Studio C++ Repo\FinalProject3DScene\meshes.cpp(1169,41): warning C4305: 'initializing': truncation from 'double' to 'GLfloat'
C:\Users\faroo\Desktop\Visual Studio C++ Repo\FinalProject3DScene\meshes.cpp(1170,45): warning C4305: 'initializing': truncation from 'double' to 'GLfloat'
C:\Users\faroo\Desktop\Visual Studio C++ Repo\FinalProject3DScene\meshes.cpp(1171,45): warning C4305: 'initializing': truncation from 'double' to 'GLfloat'
C:\Users\faroo\Desktop\Visual Studio C++ Repo\FinalProject3DScene\meshes.cpp(1172,43): warning C4305: 'initializing': truncation from 'double' to 'GLfloat'
C:\Users\faroo\Desktop\Visual Studio C++ Repo\FinalProject3DScene\meshes.cpp(1173,44): warning C4305: 'initializing': truncation from 'double' to 'GLfloat'
C:\Users\faroo\Desktop\Visual Studio C++ Repo\FinalProject3DScene\meshes.cpp(1174,45): warning C4305: 'initializing': truncation from 'double' to 'GLfloat'
C:\Users\faroo\Desktop\Visual Studio C++ Repo\FinalProject3DScene\meshes.cpp(1175,44): warning C4305: 'initializing': truncation from 'double' to 'GLfloat'
C:\Users\faroo\Desktop\Visual Studio C++ Repo\FinalProject3DScene\meshes.cpp(1176,44): warning C4305: 'initializing': truncation from 'double' to 'GLfloat'
C:\Users\faroo\Desktop\Visual Studio C++ Repo\FinalProject3DScene\meshes.cpp(1177,44): warning C4305: 'initializing': truncation from 'double' to 'GLfloat'
C:\Users\faroo\Desktop\Visual Studio C++ Repo\FinalProject3DScene\meshes.cpp(1178,44): warning C4305: 'initializing': truncation from 'double' to 'GLfloat'
C:\Users\faroo\Desktop\Visual Studio C++ Repo\FinalProject3DScene\meshes.cpp(1179,45): warning C4305: 'initializing': truncation from 'double' to 'GLfloat'
C:\Users\faroo\Desktop\Visual Studio C++ Repo\FinalProject3DScene\meshes.cpp(1180,44): warning C4305: 'initializing': truncation from 'double' to 'GLfloat'
C:\Users\faroo\Desktop\Visual Studio C++ Repo\FinalProject3DScene\meshes.cpp(1182,45): warning C4305: 'initializing': truncation from 'double' to 'GLfloat'
C:\Users\faroo\Desktop\Visual Studio C++ Repo\FinalProject3DScene\meshes.cpp(1283,23): warning C4244: 'initializing': conversion from 'double' to 'float', possible loss of data
C:\Users\faroo\Desktop\Visual Studio C++ Repo\FinalProject3DScene\meshes.cpp(1284,21): warning C4244: 'initializing': conversion from 'double' to 'float', possible loss of data
C:\Users\faroo\Desktop\Visual Studio C++ Repo\FinalProject3DScene\meshes.cpp(1430,20): warning C4018: '<': signed/unsigned mismatch
C:\Users\faroo\Desktop\Visual Studio C++ Repo\FinalProject3DScene\meshes.cpp(1499,12): warning C4305: 'initializing': truncation from 'double' to 'GLfloat'
C:\Users\faroo\Desktop\Visual Studio C++ Repo\FinalProject3DScene\meshes.cpp(1507,13): warning C4305: 'initializing': truncation from 'double' to 'GLfloat'
C:\Users\faroo\Desktop\Visual Studio C++ Repo\FinalProject3DScene\meshes.cpp(1628,4): warning C4305: 'initializing': truncation from 'double' to 'GLfloat'
C:\Users\faroo\Desktop\Visual Studio C++ Repo\FinalProject3DScene\meshes.cpp(1737,13): warning C4305: 'initializing': truncation from 'double' to 'GLfloat'
C:\Users\faroo\Desktop\Visual Studio C++ Repo\FinalProject3DScene\meshes.cpp(1745,14): warning C4305: 'initializing': truncation from 'double' to 'GLfloat'
C:\Users\faroo\Desktop\Visual Studio C++ Repo\FinalProject3DScene\meshes.cpp(2288,46): warning C4244: '=': conversion from 'double' to 'float', possible loss of data
C:\Users\faroo\Desktop\Visual Studio C++ Repo\FinalProject3DScene\meshes.cpp(2289,22): warning C4244: '=': conversion from 'double' to 'float', possible loss of data
  Generating Code...
LINK : warning LNK4098: defaultlib 'MSVCRT' conflicts with use of other libs; use /NODEFAULTLIB:library
  FinalProject3DScene.vcxproj -> C:\Users\faroo\Desktop\Visual Studio C++ Repo\FinalProject3DScene\Debug\FinalProject3DScene.exe
